Determining if the pthread_create exist failed with the following output:
Change Dir: /home/goodaman/Projects/Stack_Calc/build/CMakeFiles/CMakeTmp

Run Build Command:"/usr/bin/make" "cmTC_15151/fast"
/usr/bin/make -f CMakeFiles/cmTC_15151.dir/build.make CMakeFiles/cmTC_15151.dir/build
make[1]: вход в каталог «/home/goodaman/Projects/Stack_Calc/build/CMakeFiles/CMakeTmp»
Building C object CMakeFiles/cmTC_15151.dir/CheckSymbolExists.c.o
/usr/bin/cc    -o CMakeFiles/cmTC_15151.dir/CheckSymbolExists.c.o   -c /home/goodaman/Projects/Stack_Calc/build/CMakeFiles/CMakeTmp/CheckSymbolExists.c
Linking C executable cmTC_15151
/usr/bin/cmake -E cmake_link_script CMakeFiles/cmTC_15151.dir/link.txt --verbose=1
/usr/bin/cc      -rdynamic CMakeFiles/cmTC_15151.dir/CheckSymbolExists.c.o  -o cmTC_15151 
CMakeFiles/cmTC_15151.dir/CheckSymbolExists.c.o: In function `main':
CheckSymbolExists.c:(.text+0x1b): undefined reference to `pthread_create'
collect2: error: ld returned 1 exit status
CMakeFiles/cmTC_15151.dir/build.make:97: recipe for target 'cmTC_15151' failed
make[1]: *** [cmTC_15151] Error 1
make[1]: выход из каталога «/home/goodaman/Projects/Stack_Calc/build/CMakeFiles/CMakeTmp»
Makefile:126: recipe for target 'cmTC_15151/fast' failed
make: *** [cmTC_15151/fast] Error 2

File /home/goodaman/Projects/Stack_Calc/build/CMakeFiles/CMakeTmp/CheckSymbolExists.c:
/* */
#include <pthread.h>

int main(int argc, char** argv)
{
  (void)argv;
#ifndef pthread_create
  return ((int*)(&pthread_create))[argc];
#else
  (void)argc;
  return 0;
#endif
}

Determining if the function pthread_create exists in the pthreads failed with the following output:
Change Dir: /home/goodaman/Projects/Stack_Calc/build/CMakeFiles/CMakeTmp

Run Build Command:"/usr/bin/make" "cmTC_066f9/fast"
/usr/bin/make -f CMakeFiles/cmTC_066f9.dir/build.make CMakeFiles/cmTC_066f9.dir/build
make[1]: вход в каталог «/home/goodaman/Projects/Stack_Calc/build/CMakeFiles/CMakeTmp»
Building C object CMakeFiles/cmTC_066f9.dir/CheckFunctionExists.c.o
/usr/bin/cc   -DCHECK_FUNCTION_EXISTS=pthread_create   -o CMakeFiles/cmTC_066f9.dir/CheckFunctionExists.c.o   -c /usr/share/cmake-3.10/Modules/CheckFunctionExists.c
Linking C executable cmTC_066f9
/usr/bin/cmake -E cmake_link_script CMakeFiles/cmTC_066f9.dir/link.txt --verbose=1
/usr/bin/cc  -DCHECK_FUNCTION_EXISTS=pthread_create    -rdynamic CMakeFiles/cmTC_066f9.dir/CheckFunctionExists.c.o  -o cmTC_066f9 -lpthreads 
/usr/bin/ld: cannot find -lpthreads
collect2: error: ld returned 1 exit status
CMakeFiles/cmTC_066f9.dir/build.make:97: recipe for target 'cmTC_066f9' failed
make[1]: *** [cmTC_066f9] Error 1
make[1]: выход из каталога «/home/goodaman/Projects/Stack_Calc/build/CMakeFiles/CMakeTmp»
Makefile:126: recipe for target 'cmTC_066f9/fast' failed
make: *** [cmTC_066f9/fast] Error 2


